2021-03-02 09:43:38,832  -  INFO:root:__init__: - New Initialisation of logger 

2021-03-02 09:43:38,833  -  INFO:__main__:__init__: - Starting LLC
2021-03-02 09:43:38,833  -  DEBUG:__main__:connect_drives: - Attempting to connect to Odrives
2021-03-02 09:43:38,833  -  DEBUG:__main__:get_drive: - Attempting connection with Odrive 208239904D4D
2021-03-02 09:45:20,234  -  INFO:root:__init__: - New Initialisation of logger 

2021-03-02 09:45:20,236  -  INFO:__main__:__init__: - Starting LLC
2021-03-02 09:45:20,236  -  DEBUG:__main__:connect_drives: - Attempting to connect to Odrives
2021-03-02 09:45:20,237  -  DEBUG:__main__:get_drive: - Attempting connection with Odrive 208239904D4D
2021-03-02 13:32:04,295  -  INFO:root:__init__: - New Initialisation of logger 

2021-03-02 13:32:04,296  -  INFO:__main__:__init__: - Starting LLC
2021-03-02 13:32:04,296  -  DEBUG:__main__:connect_drives: - Attempting to connect to Odrives
2021-03-02 13:32:04,296  -  DEBUG:__main__:get_drive: - Attempting connection with Odrive 208239904D4D
2021-03-02 13:32:04,484  -  DEBUG:__main__:get_drive: - Odrive 208239904D4D connected successfully
2021-03-02 13:32:04,484  -  DEBUG:__main__:get_drive: - Attempting connection with Odrive 206039994D4D
2021-03-02 13:32:04,587  -  DEBUG:__main__:get_drive: - Odrive 206039994D4D connected successfully
2021-03-02 13:32:04,587  -  INFO:__main__:connect_drives: - Drives Connected
2021-03-02 13:32:05,599  -  DEBUG:__main__:prepare_drives: - Preparing drives
2021-03-02 13:32:06,160  -  DEBUG:__main__:axis_set_state: - Performing full axis state change to 8
2021-03-02 13:32:06,161  -  DEBUG:__main__:axis_set_state:axis_FL: - Setting state to 8
2021-03-02 13:32:06,163  -  DEBUG:__main__:axis_set_state:axis_FR: - Setting state to 8
2021-03-02 13:32:06,165  -  DEBUG:__main__:axis_set_state:axis_BL: - Setting state to 8
2021-03-02 13:32:06,166  -  DEBUG:__main__:axis_set_state:axis_BR: - Setting state to 8
2021-03-02 13:32:06,203  -  DEBUG:__main__:axis_set_state:axis_FL: - State change to 8 was successfull
2021-03-02 13:32:06,204  -  DEBUG:__main__:axis_set_state:axis_FR: - State change to 8 was successfull
2021-03-02 13:32:06,205  -  DEBUG:__main__:axis_set_state:axis_BL: - State change to 8 was successfull
2021-03-02 13:32:06,206  -  DEBUG:__main__:axis_set_state:axis_BR: - State change to 8 was successfull
2021-03-02 13:32:06,219  -  INFO:__main__:prepare_drives: - Drives started and ready
2021-03-02 13:32:06,232  -  INFO:__main__:start_loop: - Starting LLC Loop
2021-03-02 13:32:06,251  -  WARNING:__main__:update_odometry: - Odometry Warning: Time since last update: 1614645126.250881
2021-03-02 13:34:25,726  -  INFO:root:__init__: - New Initialisation of logger 

2021-03-02 13:34:25,726  -  INFO:__main__:__init__: - Starting LLC
2021-03-02 13:34:25,727  -  DEBUG:__main__:connect_drives: - Attempting to connect to Odrives
2021-03-02 13:34:25,727  -  DEBUG:__main__:get_drive: - Attempting connection with Odrive 208239904D4D
2021-03-02 13:34:25,861  -  DEBUG:__main__:get_drive: - Odrive 208239904D4D connected successfully
2021-03-02 13:34:25,861  -  DEBUG:__main__:get_drive: - Attempting connection with Odrive 206039994D4D
2021-03-02 13:34:25,966  -  DEBUG:__main__:get_drive: - Odrive 206039994D4D connected successfully
2021-03-02 13:34:25,966  -  INFO:__main__:connect_drives: - Drives Connected
2021-03-02 13:34:26,967  -  DEBUG:__main__:prepare_drives: - Preparing drives
2021-03-02 13:34:27,550  -  DEBUG:__main__:axis_set_state: - Performing full axis state change to 8
2021-03-02 13:34:27,552  -  WARNING:__main__:axis_set_state:axis_FL: - State Error: Current state is 8 and not IDLE. Attempting to fix...
2021-03-02 13:34:27,670  -  INFO:__main__:axis_set_state:axis_FL: - State Error: Current state is 1
2021-03-02 13:34:27,670  -  DEBUG:__main__:axis_set_state:axis_FL: - Setting state to 8
2021-03-02 13:34:27,673  -  WARNING:__main__:axis_set_state:axis_FR: - State Error: Current state is 8 and not IDLE. Attempting to fix...
2021-03-02 13:34:27,777  -  INFO:__main__:axis_set_state:axis_FR: - State Error: Current state is 1
2021-03-02 13:34:27,778  -  DEBUG:__main__:axis_set_state:axis_FR: - Setting state to 8
2021-03-02 13:34:27,782  -  WARNING:__main__:axis_set_state:axis_BL: - State Error: Current state is 8 and not IDLE. Attempting to fix...
2021-03-02 13:34:27,904  -  INFO:__main__:axis_set_state:axis_BL: - State Error: Current state is 1
2021-03-02 13:34:27,905  -  DEBUG:__main__:axis_set_state:axis_BL: - Setting state to 8
2021-03-02 13:34:27,909  -  WARNING:__main__:axis_set_state:axis_BR: - State Error: Current state is 8 and not IDLE. Attempting to fix...
2021-03-02 13:34:28,045  -  INFO:__main__:axis_set_state:axis_BR: - State Error: Current state is 1
2021-03-02 13:34:28,047  -  DEBUG:__main__:axis_set_state:axis_BR: - Setting state to 8
2021-03-02 13:34:28,078  -  DEBUG:__main__:axis_set_state:axis_FL: - State change to 8 was successfull
2021-03-02 13:34:28,078  -  DEBUG:__main__:axis_set_state:axis_FR: - State change to 8 was successfull
2021-03-02 13:34:28,079  -  DEBUG:__main__:axis_set_state:axis_BL: - State change to 8 was successfull
2021-03-02 13:34:28,080  -  DEBUG:__main__:axis_set_state:axis_BR: - State change to 8 was successfull
2021-03-02 13:34:28,093  -  INFO:__main__:prepare_drives: - Drives started and ready
2021-03-02 13:34:28,106  -  INFO:__main__:start_loop: - Starting LLC Loop
2021-03-02 13:34:28,132  -  WARNING:__main__:update_odometry: - Odometry Warning: Time since last update: 1614645268.1326838
2021-03-02 13:36:36,624  -  DEBUG:__main__:stop_loop: - Attempting  to stop LLC loop...
2021-03-02 13:36:36,657  -  INFO:__main__:main_loop: - LLC loop shutting down
2021-03-02 13:36:36,658  -  DEBUG:__main__:axis_set_state: - Performing full axis state change to 1
2021-03-02 13:36:36,659  -  DEBUG:__main__:axis_set_state:axis_FL: - Setting state to 1
2021-03-02 13:36:36,660  -  DEBUG:__main__:axis_set_state:axis_FR: - Setting state to 1
2021-03-02 13:36:36,662  -  DEBUG:__main__:axis_set_state:axis_BL: - Setting state to 1
2021-03-02 13:36:36,664  -  DEBUG:__main__:axis_set_state:axis_BR: - Setting state to 1
2021-03-02 13:36:36,689  -  DEBUG:__main__:axis_set_state:axis_FL: - State change to 1 was successfull
2021-03-02 13:36:36,690  -  DEBUG:__main__:axis_set_state:axis_FR: - State change to 1 was successfull
2021-03-02 13:36:36,691  -  DEBUG:__main__:axis_set_state:axis_BL: - State change to 1 was successfull
2021-03-02 13:36:36,692  -  DEBUG:__main__:axis_set_state:axis_BR: - State change to 1 was successfull
2021-03-02 13:36:36,701  -  DEBUG:__main__:stop_loop: - LLC loop stopped successfully
2021-03-02 13:36:36,701  -  INFO:__main__:stop_loop: - LLC in idle state
2021-03-02 13:36:43,350  -  DEBUG:__main__:stop_loop: - Attempting  to stop LLC loop...
2021-03-02 13:36:43,350  -  DEBUG:__main__:stop_loop: - LLC loop stopped successfully
2021-03-02 13:36:43,351  -  INFO:__main__:stop_loop: - LLC in idle state
2021-03-02 13:36:43,931  -  DEBUG:__main__:stop_loop: - Attempting  to stop LLC loop...
2021-03-02 13:36:43,932  -  DEBUG:__main__:stop_loop: - LLC loop stopped successfully
2021-03-02 13:36:43,932  -  INFO:__main__:stop_loop: - LLC in idle state
2021-03-02 13:36:44,326  -  DEBUG:__main__:stop_loop: - Attempting  to stop LLC loop...
2021-03-02 13:36:44,326  -  DEBUG:__main__:stop_loop: - LLC loop stopped successfully
2021-03-02 13:36:44,326  -  INFO:__main__:stop_loop: - LLC in idle state
2021-03-02 13:36:44,655  -  DEBUG:__main__:stop_loop: - Attempting  to stop LLC loop...
2021-03-02 13:36:44,655  -  DEBUG:__main__:stop_loop: - LLC loop stopped successfully
2021-03-02 13:36:44,656  -  INFO:__main__:stop_loop: - LLC in idle state
2021-03-02 13:37:02,293  -  INFO:root:__init__: - New Initialisation of logger 

2021-03-02 13:37:02,294  -  INFO:__main__:__init__: - Starting LLC
2021-03-02 13:37:02,294  -  DEBUG:__main__:connect_drives: - Attempting to connect to Odrives
2021-03-02 13:37:02,294  -  DEBUG:__main__:get_drive: - Attempting connection with Odrive 208239904D4D
2021-03-02 13:37:17,672  -  INFO:root:__init__: - New Initialisation of logger 

2021-03-02 13:37:17,673  -  INFO:__main__:__init__: - Starting LLC
2021-03-02 13:37:17,673  -  DEBUG:__main__:connect_drives: - Attempting to connect to Odrives
2021-03-02 13:37:17,673  -  DEBUG:__main__:get_drive: - Attempting connection with Odrive 208239904D4D
2021-03-02 13:37:17,809  -  DEBUG:__main__:get_drive: - Odrive 208239904D4D connected successfully
2021-03-02 13:37:17,809  -  DEBUG:__main__:get_drive: - Attempting connection with Odrive 206039994D4D
2021-03-02 13:37:17,912  -  DEBUG:__main__:get_drive: - Odrive 206039994D4D connected successfully
2021-03-02 13:37:17,912  -  INFO:__main__:connect_drives: - Drives Connected
2021-03-02 13:37:18,920  -  DEBUG:__main__:prepare_drives: - Preparing drives
2021-03-02 13:37:19,487  -  DEBUG:__main__:axis_set_state: - Performing full axis state change to 8
2021-03-02 13:37:19,488  -  DEBUG:__main__:axis_set_state:axis_FL: - Setting state to 8
2021-03-02 13:37:19,490  -  DEBUG:__main__:axis_set_state:axis_FR: - Setting state to 8
2021-03-02 13:37:19,492  -  DEBUG:__main__:axis_set_state:axis_BL: - Setting state to 8
2021-03-02 13:37:19,494  -  DEBUG:__main__:axis_set_state:axis_BR: - Setting state to 8
2021-03-02 13:37:19,530  -  DEBUG:__main__:axis_set_state:axis_FL: - State change to 8 was successfull
2021-03-02 13:37:19,531  -  DEBUG:__main__:axis_set_state:axis_FR: - State change to 8 was successfull
2021-03-02 13:37:19,532  -  DEBUG:__main__:axis_set_state:axis_BL: - State change to 8 was successfull
2021-03-02 13:37:19,534  -  DEBUG:__main__:axis_set_state:axis_BR: - State change to 8 was successfull
2021-03-02 13:37:19,548  -  INFO:__main__:prepare_drives: - Drives started and ready
2021-03-02 13:37:19,562  -  INFO:__main__:start_loop: - Starting LLC Loop
2021-03-02 13:37:19,579  -  WARNING:__main__:update_odometry: - Odometry Warning: Time since last update: 1614645439.5794728
2021-03-02 13:38:59,003  -  DEBUG:__main__:stop_loop: - Attempting  to stop LLC loop...
2021-03-02 13:38:59,048  -  INFO:__main__:main_loop: - LLC loop shutting down
2021-03-02 13:38:59,049  -  DEBUG:__main__:axis_set_state: - Performing full axis state change to 1
2021-03-02 13:38:59,050  -  DEBUG:__main__:axis_set_state:axis_FL: - Setting state to 1
2021-03-02 13:38:59,052  -  DEBUG:__main__:axis_set_state:axis_FR: - Setting state to 1
2021-03-02 13:38:59,054  -  DEBUG:__main__:axis_set_state:axis_BL: - Setting state to 1
2021-03-02 13:38:59,056  -  DEBUG:__main__:axis_set_state:axis_BR: - Setting state to 1
2021-03-02 13:38:59,080  -  DEBUG:__main__:axis_set_state:axis_FL: - State change to 1 was successfull
2021-03-02 13:38:59,081  -  DEBUG:__main__:axis_set_state:axis_FR: - State change to 1 was successfull
2021-03-02 13:38:59,081  -  DEBUG:__main__:axis_set_state:axis_BL: - State change to 1 was successfull
2021-03-02 13:38:59,082  -  DEBUG:__main__:axis_set_state:axis_BR: - State change to 1 was successfull
2021-03-02 13:38:59,090  -  DEBUG:__main__:stop_loop: - LLC loop stopped successfully
2021-03-02 13:38:59,090  -  INFO:__main__:stop_loop: - LLC in idle state
2021-03-02 13:40:12,105  -  INFO:root:__init__: - New Initialisation of logger 

2021-03-02 13:40:12,106  -  INFO:__main__:__init__: - Starting LLC
2021-03-02 13:40:12,106  -  DEBUG:__main__:connect_drives: - Attempting to connect to Odrives
2021-03-02 13:40:12,106  -  DEBUG:__main__:get_drive: - Attempting connection with Odrive 208239904D4D
2021-03-02 13:40:12,243  -  DEBUG:__main__:get_drive: - Odrive 208239904D4D connected successfully
2021-03-02 13:40:12,243  -  DEBUG:__main__:get_drive: - Attempting connection with Odrive 206039994D4D
2021-03-02 13:40:12,348  -  DEBUG:__main__:get_drive: - Odrive 206039994D4D connected successfully
2021-03-02 13:40:12,348  -  INFO:__main__:connect_drives: - Drives Connected
2021-03-02 13:40:13,360  -  DEBUG:__main__:prepare_drives: - Preparing drives
2021-03-02 13:40:13,941  -  DEBUG:__main__:axis_set_state: - Performing full axis state change to 8
2021-03-02 13:40:13,943  -  DEBUG:__main__:axis_set_state:axis_FL: - Setting state to 8
2021-03-02 13:40:13,945  -  DEBUG:__main__:axis_set_state:axis_FR: - Setting state to 8
2021-03-02 13:40:13,947  -  DEBUG:__main__:axis_set_state:axis_BL: - Setting state to 8
2021-03-02 13:40:13,950  -  DEBUG:__main__:axis_set_state:axis_BR: - Setting state to 8
2021-03-02 13:40:13,983  -  DEBUG:__main__:axis_set_state:axis_FL: - State change to 8 was successfull
2021-03-02 13:40:13,985  -  DEBUG:__main__:axis_set_state:axis_FR: - State change to 8 was successfull
2021-03-02 13:40:13,986  -  DEBUG:__main__:axis_set_state:axis_BL: - State change to 8 was successfull
2021-03-02 13:40:13,988  -  DEBUG:__main__:axis_set_state:axis_BR: - State change to 8 was successfull
2021-03-02 13:40:14,005  -  INFO:__main__:prepare_drives: - Drives started and ready
2021-03-02 13:40:14,016  -  INFO:__main__:start_loop: - Starting LLC Loop
2021-03-02 13:40:14,032  -  WARNING:__main__:update_odometry: - Odometry Warning: Time since last update: 1614645614.0321367
2021-03-02 13:40:56,788  -  DEBUG:__main__:stop_loop: - Attempting  to stop LLC loop...
2021-03-02 13:40:56,811  -  INFO:__main__:main_loop: - LLC loop shutting down
2021-03-02 13:40:56,811  -  DEBUG:__main__:axis_set_state: - Performing full axis state change to 1
2021-03-02 13:40:56,813  -  DEBUG:__main__:axis_set_state:axis_FL: - Setting state to 1
2021-03-02 13:40:56,814  -  DEBUG:__main__:axis_set_state:axis_FR: - Setting state to 1
2021-03-02 13:40:56,817  -  DEBUG:__main__:axis_set_state:axis_BL: - Setting state to 1
2021-03-02 13:40:56,819  -  DEBUG:__main__:axis_set_state:axis_BR: - Setting state to 1
2021-03-02 13:40:56,842  -  DEBUG:__main__:axis_set_state:axis_FL: - State change to 1 was successfull
2021-03-02 13:40:56,843  -  DEBUG:__main__:axis_set_state:axis_FR: - State change to 1 was successfull
2021-03-02 13:40:56,845  -  DEBUG:__main__:axis_set_state:axis_BL: - State change to 1 was successfull
2021-03-02 13:40:56,845  -  DEBUG:__main__:axis_set_state:axis_BR: - State change to 1 was successfull
2021-03-02 13:40:56,854  -  DEBUG:__main__:stop_loop: - LLC loop stopped successfully
2021-03-02 13:40:56,854  -  INFO:__main__:stop_loop: - LLC in idle state
2021-03-02 13:41:12,237  -  INFO:root:__init__: - New Initialisation of logger 

2021-03-02 13:41:12,238  -  INFO:__main__:__init__: - Starting LLC
2021-03-02 13:41:12,245  -  DEBUG:__main__:connect_drives: - Attempting to connect to Odrives
2021-03-02 13:41:12,245  -  DEBUG:__main__:get_drive: - Attempting connection with Odrive 208239904D4D
2021-03-02 13:41:12,381  -  DEBUG:__main__:get_drive: - Odrive 208239904D4D connected successfully
2021-03-02 13:41:12,382  -  DEBUG:__main__:get_drive: - Attempting connection with Odrive 206039994D4D
2021-03-02 13:41:12,491  -  DEBUG:__main__:get_drive: - Odrive 206039994D4D connected successfully
2021-03-02 13:41:12,491  -  INFO:__main__:connect_drives: - Drives Connected
2021-03-02 13:41:13,504  -  DEBUG:__main__:prepare_drives: - Preparing drives
2021-03-02 13:41:14,084  -  DEBUG:__main__:axis_set_state: - Performing full axis state change to 8
2021-03-02 13:41:14,085  -  DEBUG:__main__:axis_set_state:axis_FL: - Setting state to 8
2021-03-02 13:41:14,087  -  DEBUG:__main__:axis_set_state:axis_FR: - Setting state to 8
2021-03-02 13:41:14,089  -  DEBUG:__main__:axis_set_state:axis_BL: - Setting state to 8
2021-03-02 13:41:14,091  -  DEBUG:__main__:axis_set_state:axis_BR: - Setting state to 8
2021-03-02 13:41:14,128  -  DEBUG:__main__:axis_set_state:axis_FL: - State change to 8 was successfull
2021-03-02 13:41:14,129  -  DEBUG:__main__:axis_set_state:axis_FR: - State change to 8 was successfull
2021-03-02 13:41:14,130  -  DEBUG:__main__:axis_set_state:axis_BL: - State change to 8 was successfull
2021-03-02 13:41:14,132  -  DEBUG:__main__:axis_set_state:axis_BR: - State change to 8 was successfull
2021-03-02 13:41:14,148  -  INFO:__main__:prepare_drives: - Drives started and ready
2021-03-02 13:41:14,164  -  INFO:__main__:start_loop: - Starting LLC Loop
2021-03-02 13:41:14,179  -  WARNING:__main__:update_odometry: - Odometry Warning: Time since last update: 1614645674.1792243
2021-03-02 13:42:08,183  -  WARNING:__main__:check_errors:axis_BL: - Error detected on axis
2021-03-02 13:42:08,186  -  ERROR:__main__:check_errors:axis_BL: - Axis Error: 2
2021-03-02 13:42:08,193  -  WARNING:__main__:check_errors:axis_BR: - Error detected on axis
2021-03-02 13:42:08,196  -  ERROR:__main__:check_errors:axis_BR: - Axis Error: 2
2021-03-02 13:42:08,199  -  ERROR:__main__:check_state: - State check failed
2021-03-02 13:42:08,211  -  WARNING:__main__:main_loop: - LLC Loop Error: State check unsucessful. Loop aborting
2021-03-02 13:42:08,212  -  INFO:__main__:main_loop: - LLC loop shutting down
2021-03-02 13:42:08,213  -  DEBUG:__main__:axis_set_state: - Performing full axis state change to 1
2021-03-02 13:42:08,214  -  DEBUG:__main__:axis_set_state:axis_FL: - Setting state to 1
2021-03-02 13:42:08,215  -  DEBUG:__main__:axis_set_state:axis_FR: - Setting state to 1
2021-03-02 13:42:08,217  -  DEBUG:__main__:axis_set_state:axis_BL: - Setting state to 1
2021-03-02 13:42:08,218  -  DEBUG:__main__:axis_set_state:axis_BR: - Setting state to 1
2021-03-02 13:42:08,250  -  DEBUG:__main__:axis_set_state:axis_FL: - State change to 1 was successfull
2021-03-02 13:42:08,251  -  DEBUG:__main__:axis_set_state:axis_FR: - State change to 1 was successfull
2021-03-02 13:42:08,252  -  DEBUG:__main__:axis_set_state:axis_BL: - State change to 1 was successfull
2021-03-02 13:42:08,252  -  DEBUG:__main__:axis_set_state:axis_BR: - State change to 1 was successfull
2021-03-02 13:42:08,254  -  WARNING:__main__:check_errors:axis_FL: - Error detected on axis
2021-03-02 13:42:08,256  -  ERROR:__main__:check_errors:axis_FL: - Axis Error: 2
2021-03-02 13:42:08,261  -  WARNING:__main__:check_errors:axis_FR: - Error detected on axis
2021-03-02 13:42:08,263  -  ERROR:__main__:check_errors:axis_FR: - Axis Error: 2
2021-03-04 15:01:05,737  -  INFO:root:__init__: - New Initialisation of logger 

2021-03-04 15:01:05,737  -  INFO:rp1controller.low_level_interface:__init__: - Starting LLC
2021-03-04 15:01:05,738  -  DEBUG:rp1controller.low_level_interface:connect_drives: - Attempting to connect to Odrives
2021-03-04 15:01:05,738  -  DEBUG:rp1controller.low_level_interface:get_drive: - Attempting connection with Odrive 208239904D4D
2021-03-04 15:04:44,929  -  INFO:root:__init__: - New Initialisation of logger 

2021-03-04 15:04:44,930  -  INFO:rp1controller.low_level_interface:__init__: - Starting LLC
2021-03-04 15:04:44,930  -  DEBUG:rp1controller.low_level_interface:connect_drives: - Attempting to connect to Odrives
2021-03-04 15:04:44,930  -  DEBUG:rp1controller.low_level_interface:get_drive: - Attempting connection with Odrive 208239904D4D
2021-03-04 15:05:54,775  -  INFO:root:__init__: - New Initialisation of logger 

2021-03-04 15:05:54,775  -  INFO:rp1controller.low_level_interface:__init__: - Starting LLC
2021-03-04 15:05:54,775  -  DEBUG:rp1controller.low_level_interface:connect_drives: - Attempting to connect to Odrives
2021-03-04 15:05:54,776  -  DEBUG:rp1controller.low_level_interface:get_drive: - Attempting connection with Odrive 208239904D4D
2021-03-04 15:07:11,226  -  INFO:root:__init__: - New Initialisation of logger 

2021-03-04 15:07:11,227  -  INFO:rp1controller.low_level_interface:__init__: - Starting LLC
2021-03-04 15:07:11,227  -  DEBUG:rp1controller.low_level_interface:connect_drives: - Attempting to connect to Odrives
2021-03-04 15:07:11,227  -  DEBUG:rp1controller.low_level_interface:get_drive: - Attempting connection with Odrive 208239904D4D
